<?xml version="1.0" encoding="UTF-8"?>
<testsuite xmlns:xsi="http://www.w3.org/2001/XMLSchema-instance" xsi:noNamespaceSchemaLocation="https://maven.apache.org/surefire/maven-surefire-plugin/xsd/surefire-test-report.xsd" name="bankapp.core.ProfileTest" time="0.029" tests="6" errors="6" skipped="0" failures="0">
  <properties>
    <property name="java.specification.version" value="17"/>
    <property name="sun.jnu.encoding" value="UTF-8"/>
    <property name="java.class.path" value="/Users/kleincornolis/gr2315/bankapp/bankapp-core/target/test-classes:/Users/kleincornolis/gr2315/bankapp/bankapp-core/target/classes:/Users/kleincornolis/.m2/repository/org/junit/jupiter/junit-jupiter-api/5.7.0/junit-jupiter-api-5.7.0.jar:/Users/kleincornolis/.m2/repository/org/apiguardian/apiguardian-api/1.1.0/apiguardian-api-1.1.0.jar:/Users/kleincornolis/.m2/repository/org/opentest4j/opentest4j/1.2.0/opentest4j-1.2.0.jar:/Users/kleincornolis/.m2/repository/org/junit/platform/junit-platform-commons/1.7.0/junit-platform-commons-1.7.0.jar:/Users/kleincornolis/.m2/repository/com/googlecode/json-simple/json-simple/1.1/json-simple-1.1.jar:/Users/kleincornolis/.m2/repository/junit/junit/4.13/junit-4.13.jar:/Users/kleincornolis/.m2/repository/org/hamcrest/hamcrest-core/1.3/hamcrest-core-1.3.jar:"/>
    <property name="java.vm.vendor" value="Eclipse Adoptium"/>
    <property name="sun.arch.data.model" value="64"/>
    <property name="java.vendor.url" value="https://adoptium.net/"/>
    <property name="os.name" value="Mac OS X"/>
    <property name="java.vm.specification.version" value="17"/>
    <property name="sun.java.launcher" value="SUN_STANDARD"/>
    <property name="user.country" value="NO"/>
    <property name="sun.boot.library.path" value="/Library/Java/JavaVirtualMachines/temurin-17.jdk/Contents/Home/lib"/>
    <property name="sun.java.command" value="/Users/kleincornolis/gr2315/bankapp/bankapp-core/target/surefire/surefirebooter13632219507992275134.jar /Users/kleincornolis/gr2315/bankapp/bankapp-core/target/surefire 2023-09-26T11-14-43_214-jvmRun1 surefire1129958026225937437tmp surefire_08782096755036398463tmp"/>
    <property name="http.nonProxyHosts" value="local|*.local|169.254/16|*.169.254/16"/>
    <property name="jdk.debug" value="release"/>
    <property name="surefire.test.class.path" value="/Users/kleincornolis/gr2315/bankapp/bankapp-core/target/test-classes:/Users/kleincornolis/gr2315/bankapp/bankapp-core/target/classes:/Users/kleincornolis/.m2/repository/org/junit/jupiter/junit-jupiter-api/5.7.0/junit-jupiter-api-5.7.0.jar:/Users/kleincornolis/.m2/repository/org/apiguardian/apiguardian-api/1.1.0/apiguardian-api-1.1.0.jar:/Users/kleincornolis/.m2/repository/org/opentest4j/opentest4j/1.2.0/opentest4j-1.2.0.jar:/Users/kleincornolis/.m2/repository/org/junit/platform/junit-platform-commons/1.7.0/junit-platform-commons-1.7.0.jar:/Users/kleincornolis/.m2/repository/com/googlecode/json-simple/json-simple/1.1/json-simple-1.1.jar:/Users/kleincornolis/.m2/repository/junit/junit/4.13/junit-4.13.jar:/Users/kleincornolis/.m2/repository/org/hamcrest/hamcrest-core/1.3/hamcrest-core-1.3.jar:"/>
    <property name="sun.cpu.endian" value="little"/>
    <property name="user.home" value="/Users/kleincornolis"/>
    <property name="user.language" value="nb"/>
    <property name="java.specification.vendor" value="Oracle Corporation"/>
    <property name="java.version.date" value="2023-08-24"/>
    <property name="java.home" value="/Library/Java/JavaVirtualMachines/temurin-17.jdk/Contents/Home"/>
    <property name="file.separator" value="/"/>
    <property name="basedir" value="/Users/kleincornolis/gr2315/bankapp/bankapp-core"/>
    <property name="java.vm.compressedOopsMode" value="Zero based"/>
    <property name="line.separator" value="&#10;"/>
    <property name="java.specification.name" value="Java Platform API Specification"/>
    <property name="java.vm.specification.vendor" value="Oracle Corporation"/>
    <property name="surefire.real.class.path" value="/Users/kleincornolis/gr2315/bankapp/bankapp-core/target/surefire/surefirebooter13632219507992275134.jar"/>
    <property name="sun.management.compiler" value="HotSpot 64-Bit Tiered Compilers"/>
    <property name="ftp.nonProxyHosts" value="local|*.local|169.254/16|*.169.254/16"/>
    <property name="java.runtime.version" value="17.0.8.1+1"/>
    <property name="user.name" value="kleincornolis"/>
    <property name="path.separator" value=":"/>
    <property name="os.version" value="13.5.2"/>
    <property name="java.runtime.name" value="OpenJDK Runtime Environment"/>
    <property name="file.encoding" value="US-ASCII"/>
    <property name="java.vm.name" value="OpenJDK 64-Bit Server VM"/>
    <property name="java.vendor.version" value="Temurin-17.0.8.1+1"/>
    <property name="localRepository" value="/Users/kleincornolis/.m2/repository"/>
    <property name="java.vendor.url.bug" value="https://github.com/adoptium/adoptium-support/issues"/>
    <property name="java.io.tmpdir" value="/var/folders/67/yvwt1nc97wsf69kr5gzb27f80000gn/T/"/>
    <property name="java.version" value="17.0.8.1"/>
    <property name="user.dir" value="/Users/kleincornolis/gr2315/bankapp/bankapp-core"/>
    <property name="os.arch" value="aarch64"/>
    <property name="java.vm.specification.name" value="Java Virtual Machine Specification"/>
    <property name="native.encoding" value="US-ASCII"/>
    <property name="java.library.path" value="/Users/kleincornolis/Library/Java/Extensions:/Library/Java/Extensions:/Network/Library/Java/Extensions:/System/Library/Java/Extensions:/usr/lib/java:."/>
    <property name="java.vm.info" value="mixed mode"/>
    <property name="java.vendor" value="Eclipse Adoptium"/>
    <property name="java.vm.version" value="17.0.8.1+1"/>
    <property name="sun.io.unicode.encoding" value="UnicodeBig"/>
    <property name="socksNonProxyHosts" value="local|*.local|169.254/16|*.169.254/16"/>
    <property name="java.class.version" value="61.0"/>
  </properties>
  <testcase name="testSetPassword" classname="bankapp.core.ProfileTest" time="0.004">
    <error message="Password must contain at least 8 characters" type="java.lang.IllegalArgumentException">java.lang.IllegalArgumentException: Password must contain at least 8 characters
	at bankapp.core.ProfileTest.setUp(ProfileTest.java:19)
</error>
    <system-out><![CDATA[[Ljava.lang.String;@1b68b9a4
ntnu,no
Your profile was made successfully!
[Ljava.lang.String;@971d0d8
ntnu,no
Your profile was made successfully!
[Ljava.lang.String;@51931956
ntnu,no
]]></system-out>
  </testcase>
  <testcase name="testCreateAccount" classname="bankapp.core.ProfileTest" time="0">
    <error message="Password must contain at least 8 characters" type="java.lang.IllegalArgumentException">java.lang.IllegalArgumentException: Password must contain at least 8 characters
	at bankapp.core.ProfileTest.setUp(ProfileTest.java:19)
</error>
    <system-out><![CDATA[[Ljava.lang.String;@41ee392b
ntnu,no
Your profile was made successfully!
[Ljava.lang.String;@1e67a849
ntnu,no
Your profile was made successfully!
[Ljava.lang.String;@57d5872c
ntnu,no
]]></system-out>
  </testcase>
  <testcase name="testSetName" classname="bankapp.core.ProfileTest" time="0.001">
    <error message="Password must contain at least 8 characters" type="java.lang.IllegalArgumentException">java.lang.IllegalArgumentException: Password must contain at least 8 characters
	at bankapp.core.ProfileTest.setUp(ProfileTest.java:19)
</error>
    <system-out><![CDATA[[Ljava.lang.String;@667a738
ntnu,no
Your profile was made successfully!
[Ljava.lang.String;@36f0f1be
ntnu,no
Your profile was made successfully!
[Ljava.lang.String;@157632c9
ntnu,no
]]></system-out>
  </testcase>
  <testcase name="testSetTlf" classname="bankapp.core.ProfileTest" time="0">
    <error message="Password must contain at least 8 characters" type="java.lang.IllegalArgumentException">java.lang.IllegalArgumentException: Password must contain at least 8 characters
	at bankapp.core.ProfileTest.setUp(ProfileTest.java:19)
</error>
    <system-out><![CDATA[[Ljava.lang.String;@6ee12bac
ntnu,no
Your profile was made successfully!
[Ljava.lang.String;@55040f2f
ntnu,no
Your profile was made successfully!
[Ljava.lang.String;@64c87930
ntnu,no
]]></system-out>
  </testcase>
  <testcase name="testConstructor" classname="bankapp.core.ProfileTest" time="0">
    <error message="Password must contain at least 8 characters" type="java.lang.IllegalArgumentException">java.lang.IllegalArgumentException: Password must contain at least 8 characters
	at bankapp.core.ProfileTest.setUp(ProfileTest.java:19)
</error>
    <system-out><![CDATA[[Ljava.lang.String;@400cff1a
ntnu,no
Your profile was made successfully!
[Ljava.lang.String;@275710fc
ntnu,no
Your profile was made successfully!
[Ljava.lang.String;@525f1e4e
ntnu,no
]]></system-out>
  </testcase>
  <testcase name="testSetEmail" classname="bankapp.core.ProfileTest" time="0.001">
    <error message="Password must contain at least 8 characters" type="java.lang.IllegalArgumentException">java.lang.IllegalArgumentException: Password must contain at least 8 characters
	at bankapp.core.ProfileTest.setUp(ProfileTest.java:19)
</error>
    <system-out><![CDATA[[Ljava.lang.String;@75f9eccc
ntnu,no
Your profile was made successfully!
[Ljava.lang.String;@52aa2946
ntnu,no
Your profile was made successfully!
[Ljava.lang.String;@4de5031f
ntnu,no
]]></system-out>
  </testcase>
</testsuite>